kotlin version: 2.0.0
error message: org.jetbrains.kotlin.backend.common.BackendException: Backend Internal error: Exception during IR lowering
File being compiled: C:/Users/900246/AndroidStudioProjects/BaseProject/feature/one/src/main/java/idmy/davezy/baseproject/feature/one/screen/ExampleScreen.kt
The root cause java.lang.RuntimeException was thrown at: org.jetbrains.kotlin.backend.jvm.codegen.FunctionCodegen.generate(FunctionCodegen.kt:50)
	at org.jetbrains.kotlin.backend.common.CodegenUtil.reportBackendException(CodegenUtil.kt:253)
	at org.jetbrains.kotlin.backend.common.CodegenUtil.reportBackendException$default(CodegenUtil.kt:236)
	at org.jetbrains.kotlin.backend.common.phaser.PerformByIrFilePhase.invokeSequential(performByIrFile.kt:65)
	at org.jetbrains.kotlin.backend.common.phaser.PerformByIrFilePhase.invoke(performByIrFile.kt:52)
	at org.jetbrains.kotlin.backend.common.phaser.PerformByIrFilePhase.invoke(performByIrFile.kt:38)
	at org.jetbrains.kotlin.backend.common.phaser.NamedCompilerPhase.phaseBody(CompilerPhase.kt:166)
	at org.jetbrains.kotlin.backend.common.phaser.AbstractNamedCompilerPhase.invoke(CompilerPhase.kt:113)
	at org.jetbrains.kotlin.backend.common.phaser.CompositePhase.invoke(PhaseBuilders.kt:29)
	at org.jetbrains.kotlin.backend.common.phaser.CompositePhase.invoke(PhaseBuilders.kt:16)
	at org.jetbrains.kotlin.backend.common.phaser.NamedCompilerPhase.phaseBody(CompilerPhase.kt:166)
	at org.jetbrains.kotlin.backend.common.phaser.AbstractNamedCompilerPhase.invoke(CompilerPhase.kt:113)
	at org.jetbrains.kotlin.backend.common.phaser.CompilerPhaseKt.invokeToplevel(CompilerPhase.kt:62)
	at org.jetbrains.kotlin.backend.jvm.JvmIrCodegenFactory.invokeCodegen(JvmIrCodegenFactory.kt:371)
	at org.jetbrains.kotlin.codegen.CodegenFactory.generateModule(CodegenFactory.kt:47)
	at org.jetbrains.kotlin.backend.jvm.JvmIrCodegenFactory.generateModuleInFrontendIRMode(JvmIrCodegenFactory.kt:433)
	at org.jetbrains.kotlin.cli.jvm.compiler.pipeline.JvmCompilerPipelineKt.generateCodeFromIr(jvmCompilerPipeline.kt:241)
	at org.jetbrains.kotlin.cli.jvm.compiler.pipeline.JvmCompilerPipelineKt.compileModulesUsingFrontendIrAndLightTree(jvmCompilerPipeline.kt:140)
	at org.jetbrains.kotlin.cli.jvm.K2JVMCompiler.doExecute(K2JVMCompiler.kt:155)
	at org.jetbrains.kotlin.cli.jvm.K2JVMCompiler.doExecute(K2JVMCompiler.kt:50)
	at org.jetbrains.kotlin.cli.common.CLICompiler.execImpl(CLICompiler.kt:104)
	at org.jetbrains.kotlin.cli.common.CLICompiler.execImpl(CLICompiler.kt:48)
	at org.jetbrains.kotlin.cli.common.CLITool.exec(CLITool.kt:101)
	at org.jetbrains.kotlin.incremental.IncrementalJvmCompilerRunner.runCompiler(IncrementalJvmCompilerRunner.kt:453)
	at org.jetbrains.kotlin.incremental.IncrementalJvmCompilerRunner.runCompiler(IncrementalJvmCompilerRunner.kt:62)
	at org.jetbrains.kotlin.incremental.IncrementalCompilerRunner.doCompile(IncrementalCompilerRunner.kt:506)
	at org.jetbrains.kotlin.incremental.IncrementalCompilerRunner.compileImpl(IncrementalCompilerRunner.kt:423)
	at org.jetbrains.kotlin.incremental.IncrementalCompilerRunner.compileNonIncrementally(IncrementalCompilerRunner.kt:301)
	at org.jetbrains.kotlin.incremental.IncrementalCompilerRunner.compile(IncrementalCompilerRunner.kt:129)
	at org.jetbrains.kotlin.daemon.CompileServiceImplBase.execIncrementalCompiler(CompileServiceImpl.kt:676)
	at org.jetbrains.kotlin.daemon.CompileServiceImplBase.access$execIncrementalCompiler(CompileServiceImpl.kt:92)
	at org.jetbrains.kotlin.daemon.CompileServiceImpl.compile(CompileServiceImpl.kt:1661)
	at jdk.internal.reflect.GeneratedMethodAccessor91.invoke(Unknown Source)
	at java.base/jdk.internal.reflect.DelegatingMethodAccessorImpl.invoke(DelegatingMethodAccessorImpl.java:43)
	at java.base/java.lang.reflect.Method.invoke(Method.java:568)
	at java.rmi/sun.rmi.server.UnicastServerRef.dispatch(UnicastServerRef.java:360)
	at java.rmi/sun.rmi.transport.Transport$1.run(Transport.java:200)
	at java.rmi/sun.rmi.transport.Transport$1.run(Transport.java:197)
	at java.base/java.security.AccessController.doPrivileged(AccessController.java:712)
	at java.rmi/sun.rmi.transport.Transport.serviceCall(Transport.java:196)
	at java.rmi/sun.rmi.transport.tcp.TCPTransport.handleMessages(TCPTransport.java:587)
	at java.rmi/sun.rmi.transport.tcp.TCPTransport$ConnectionHandler.run0(TCPTransport.java:828)
	at java.rmi/sun.rmi.transport.tcp.TCPTransport$ConnectionHandler.lambda$run$0(TCPTransport.java:705)
	at java.base/java.security.AccessController.doPrivileged(AccessController.java:399)
	at java.rmi/sun.rmi.transport.tcp.TCPTransport$ConnectionHandler.run(TCPTransport.java:704)
	at java.base/java.util.concurrent.ThreadPoolExecutor.runWorker(ThreadPoolExecutor.java:1136)
	at java.base/java.util.concurrent.ThreadPoolExecutor$Worker.run(ThreadPoolExecutor.java:635)
	at java.base/java.lang.Thread.run(Thread.java:840)
Caused by: java.lang.RuntimeException: Exception while generating code for:
FUN name:ExampleScreen visibility:internal modality:FINAL <> (viewModel:idmy.davezy.baseproject.feature.one.viewmodel.ExampleViewModel) returnType:kotlin.Unit
  annotations:
    Composable
  VALUE_PARAMETER name:viewModel index:0 type:idmy.davezy.baseproject.feature.one.viewmodel.ExampleViewModel
    EXPRESSION_BODY
      ERROR_EXPR 'Default Stub' type=idmy.davezy.baseproject.feature.one.viewmodel.ExampleViewModel
  BLOCK_BODY
    RETURN type=kotlin.Nothing from='internal final fun ExampleScreen (viewModel: idmy.davezy.baseproject.feature.one.viewmodel.ExampleViewModel): kotlin.Unit declared in idmy.davezy.baseproject.feature.one.screen.ExampleScreenKt'
      CALL 'public final fun with <T, R> (receiver: T of kotlin.StandardKt.with, block: @[ExtensionFunctionType] kotlin.Function1<T of kotlin.StandardKt.with, R of kotlin.StandardKt.with>): R of kotlin.StandardKt.with [inline] declared in kotlin.StandardKt' type=kotlin.Unit origin=null
        <T>: idmy.davezy.baseproject.feature.one.viewmodel.ExampleViewModel
        <R>: kotlin.Unit
        receiver: GET_VAR 'viewModel: idmy.davezy.baseproject.feature.one.viewmodel.ExampleViewModel declared in idmy.davezy.baseproject.feature.one.screen.ExampleScreenKt.ExampleScreen' type=idmy.davezy.baseproject.feature.one.viewmodel.ExampleViewModel origin=null
        block: BLOCK type=@[ExtensionFunctionType] kotlin.Function1<idmy.davezy.baseproject.feature.one.viewmodel.ExampleViewModel, kotlin.Unit> origin=LAMBDA
          COMPOSITE type=kotlin.Unit origin=null
          FUNCTION_REFERENCE 'private final fun ExampleScreen$lambda$3 (): kotlin.Unit declared in idmy.davezy.baseproject.feature.one.screen.ExampleScreenKt' type=@[ExtensionFunctionType] kotlin.Function1<idmy.davezy.baseproject.feature.one.viewmodel.ExampleViewModel, kotlin.Unit> origin=INLINE_LAMBDA reflectionTarget=null

	at org.jetbrains.kotlin.backend.jvm.codegen.FunctionCodegen.generate(FunctionCodegen.kt:50)
	at org.jetbrains.kotlin.backend.jvm.codegen.FunctionCodegen.generate$default(FunctionCodegen.kt:42)
	at org.jetbrains.kotlin.backend.jvm.codegen.ClassCodegen.generateMethodNode(ClassCodegen.kt:385)
	at org.jetbrains.kotlin.backend.jvm.codegen.ClassCodegen.generateMethod(ClassCodegen.kt:402)
	at org.jetbrains.kotlin.backend.jvm.codegen.ClassCodegen.generate(ClassCodegen.kt:169)
	at org.jetbrains.kotlin.backend.jvm.FileCodegen.lower(JvmPhases.kt:41)
	at org.jetbrains.kotlin.backend.common.phaser.PhaseBuildersKt.makeIrFilePhase$lambda$5(PhaseBuilders.kt:114)
	at org.jetbrains.kotlin.backend.common.phaser.PhaseBuildersKt$createSimpleNamedCompilerPhase$1.phaseBody(PhaseBuilders.kt:71)
	at org.jetbrains.kotlin.backend.common.phaser.SimpleNamedCompilerPhase.phaseBody(CompilerPhase.kt:226)
	at org.jetbrains.kotlin.backend.common.phaser.AbstractNamedCompilerPhase.invoke(CompilerPhase.kt:113)
	at org.jetbrains.kotlin.backend.common.phaser.PerformByIrFilePhase.invokeSequential(performByIrFile.kt:62)
	... 44 more
Caused by: java.lang.RuntimeException: Exception while generating code for:
FUN INLINE_LAMBDA name:ExampleScreen$lambda$3 visibility:private modality:FINAL <> ($receiver:idmy.davezy.baseproject.feature.one.viewmodel.ExampleViewModel) returnType:kotlin.Unit
  $receiver: VALUE_PARAMETER name:$this$with type:idmy.davezy.baseproject.feature.one.viewmodel.ExampleViewModel
  BLOCK_BODY
    VAR name:$i$a$-with-ExampleScreenKt$ExampleScreen$1 type:kotlin.Int [val]
      CONST Int type=kotlin.Int value=0
    VAR name:example type:idmy.davezy.baseproject.core.system.model.UiState<idmy.davezy.baseproject.core.system.model.ExampleModel> [val]
      CALL 'public abstract fun <get-value> (): T of androidx.compose.runtime.State declared in androidx.compose.runtime.State' type=idmy.davezy.baseproject.core.system.model.UiState<idmy.davezy.baseproject.core.system.model.ExampleModel> origin=GET_PROPERTY
        $this: TYPE_OP type=androidx.compose.runtime.State<idmy.davezy.baseproject.core.system.model.UiState<idmy.davezy.baseproject.core.system.model.ExampleModel>> origin=IMPLICIT_CAST typeOperand=androidx.compose.runtime.State<idmy.davezy.baseproject.core.system.model.UiState<idmy.davezy.baseproject.core.system.model.ExampleModel>>
          CALL 'public final fun collectAsStateWithLifecycle$default <T> (lifecycleOwner: androidx.lifecycle.LifecycleOwner?, minActiveState: androidx.lifecycle.Lifecycle.State?, context: kotlin.coroutines.CoroutineContext?, $mask0: kotlin.Int, $handler: kotlin.Any?): androidx.compose.runtime.State<T of androidx.lifecycle.compose.FlowExtKt.collectAsStateWithLifecycle$default> declared in androidx.lifecycle.compose.FlowExtKt' type=androidx.compose.runtime.State<T of androidx.lifecycle.compose.FlowExtKt.collectAsStateWithLifecycle$default> origin=DEFAULT_DISPATCH_CALL
            <T>: idmy.davezy.baseproject.core.system.model.UiState<idmy.davezy.baseproject.core.system.model.ExampleModel>
            $receiver: CALL 'public final fun <get-exampleState> (): kotlinx.coroutines.flow.StateFlow<idmy.davezy.baseproject.core.system.model.UiState<idmy.davezy.baseproject.core.system.model.ExampleModel>> declared in idmy.davezy.baseproject.feature.one.viewmodel.ExampleViewModel' type=kotlinx.coroutines.flow.StateFlow<idmy.davezy.baseproject.core.system.model.UiState<idmy.davezy.baseproject.core.system.model.ExampleModel>> origin=GET_PROPERTY
              $this: GET_VAR '$this$with: idmy.davezy.baseproject.feature.one.viewmodel.ExampleViewModel declared in idmy.davezy.baseproject.feature.one.screen.ExampleScreenKt.ExampleScreen$lambda$3' type=idmy.davezy.baseproject.feature.one.viewmodel.ExampleViewModel origin=null
            lifecycleOwner: COMPOSITE type=androidx.lifecycle.LifecycleOwner? origin=DEFAULT_VALUE
              CONST Null type=androidx.lifecycle.LifecycleOwner? value=null
            minActiveState: COMPOSITE type=androidx.lifecycle.Lifecycle.State? origin=DEFAULT_VALUE
              CONST Null type=androidx.lifecycle.Lifecycle.State? value=null
            context: COMPOSITE type=kotlin.coroutines.CoroutineContext? origin=DEFAULT_VALUE
              CONST Null type=kotlin.coroutines.CoroutineContext? value=null
            $mask0: CONST Int type=kotlin.Int value=7
            $handler: CONST Null type=kotlin.Any? value=null
    VAR name:counter type:kotlin.Int [val]
      CALL 'public abstract fun <get-value> (): T of androidx.compose.runtime.State declared in androidx.compose.runtime.State' type=kotlin.Int origin=GET_PROPERTY
        $this: TYPE_OP type=androidx.compose.runtime.State<kotlin.Int> origin=IMPLICIT_CAST typeOperand=androidx.compose.runtime.State<kotlin.Int>
          CALL 'public final fun collectAsStateWithLifecycle$default <T> (lifecycleOwner: androidx.lifecycle.LifecycleOwner?, minActiveState: androidx.lifecycle.Lifecycle.State?, context: kotlin.coroutines.CoroutineContext?, $mask0: kotlin.Int, $handler: kotlin.Any?): androidx.compose.runtime.State<T of androidx.lifecycle.compose.FlowExtKt.collectAsStateWithLifecycle$default> declared in androidx.lifecycle.compose.FlowExtKt' type=androidx.compose.runtime.State<T of androidx.lifecycle.compose.FlowExtKt.collectAsStateWithLifecycle$default> origin=DEFAULT_DISPATCH_CALL
            <T>: kotlin.Int
            $receiver: CALL 'public final fun <get-counterState> (): kotlinx.coroutines.flow.StateFlow<kotlin.Int> declared in idmy.davezy.baseproject.feature.one.viewmodel.ExampleViewModel' type=kotlinx.coroutines.flow.StateFlow<kotlin.Int> origin=GET_PROPERTY
              $this: GET_VAR '$this$with: idmy.davezy.baseproject.feature.one.viewmodel.ExampleViewModel declared in idmy.davezy.baseproject.feature.one.screen.ExampleScreenKt.ExampleScreen$lambda$3' type=idmy.davezy.baseproject.feature.one.viewmodel.ExampleViewModel origin=null
            lifecycleOwner: COMPOSITE type=androidx.lifecycle.LifecycleOwner? origin=DEFAULT_VALUE
              CONST Null type=androidx.lifecycle.LifecycleOwner? value=null
            minActiveState: COMPOSITE type=androidx.lifecycle.Lifecycle.State? origin=DEFAULT_VALUE
              CONST Null type=androidx.lifecycle.Lifecycle.State? value=null
            context: COMPOSITE type=kotlin.coroutines.CoroutineContext? origin=DEFAULT_VALUE
              CONST Null type=kotlin.coroutines.CoroutineContext? value=null
            $mask0: CONST Int type=kotlin.Int value=7
            $handler: CONST Null type=kotlin.Any? value=null
    CALL 'public final fun LaunchedEffect (key1: kotlin.Any?, block: @[ExtensionFunctionType] kotlin.coroutines.SuspendFunction1<kotlinx.coroutines.CoroutineScope, kotlin.Unit>): kotlin.Unit declared in androidx.compose.runtime.EffectsKt' type=kotlin.Unit origin=null
      key1: GET_FIELD 'FIELD FIELD_FOR_OBJECT_INSTANCE name:INSTANCE type:kotlin.Unit visibility:public [final,static]' type=kotlin.Unit origin=null
      block: BLOCK type=idmy.davezy.baseproject.feature.one.screen.ExampleScreenKt.ExampleScreen$lambda$3.<no name provided> origin=null
        CLASS SUSPEND_LAMBDA CLASS name:<no name provided> modality:FINAL visibility:public/*package*/ superTypes:[kotlin.coroutines.jvm.internal.SuspendLambda; kotlin.jvm.functions.Function2<kotlinx.coroutines.CoroutineScope, kotlin.coroutines.Continuation<kotlin.Unit>?, kotlin.Any?>]
          $this: VALUE_PARAMETER INSTANCE_RECEIVER name:<this> type:idmy.davezy.baseproject.feature.one.screen.ExampleScreenKt.ExampleScreen$lambda$3.<no name provided>
          FIELD name:label type:kotlin.Int visibility:public/*package*/
          CONSTRUCTOR SUSPEND_LAMBDA visibility:public/*package*/ <> ($example:idmy.davezy.baseproject.core.system.model.UiState<idmy.davezy.baseproject.core.system.model.ExampleModel>, $this_with:idmy.davezy.baseproject.feature.one.viewmodel.ExampleViewModel, $completion:kotlin.coroutines.Continuation<idmy.davezy.baseproject.feature.one.screen.ExampleScreenKt.ExampleScreen$lambda$3.<no name provided>>?) returnType:idmy.davezy.baseproject.feature.one.screen.ExampleScreenKt.ExampleScreen$lambda$3.<no name provided> [primary]
            VALUE_PARAMETER BOUND_VALUE_PARAMETER name:$example index:0 type:idmy.davezy.baseproject.core.system.model.UiState<idmy.davezy.baseproject.core.system.model.ExampleModel>
            VALUE_PARAMETER BOUND_RECEIVER_PARAMETER name:$this_with index:1 type:idmy.davezy.baseproject.feature.one.viewmodel.ExampleViewModel
            VALUE_PARAMETER name:$completion index:2 type:kotlin.coroutines.Continuation<idmy.davezy.baseproject.feature.one.screen.ExampleScreenKt.ExampleScreen$lambda$3.<no name provided>>?
            BLOCK_BODY
              SET_FIELD 'FIELD FIELD_FOR_CAPTURED_VALUE name:$example type:idmy.davezy.baseproject.core.system.model.UiState<idmy.davezy.baseproject.core.system.model.ExampleModel> visibility:public/*package*/ [final]' type=kotlin.Unit origin=INITIALIZER_OF_FIELD_FOR_CAPTURED_VALUE
                receiver: GET_VAR '<this>: idmy.davezy.baseproject.feature.one.screen.ExampleScreenKt.ExampleScreen$lambda$3.<no name provided> declared in idmy.davezy.baseproject.feature.one.screen.ExampleScreenKt.ExampleScreen$lambda$3.<no name provided>' type=idmy.davezy.baseproject.feature.one.screen.ExampleScreenKt.ExampleScreen$lambda$3.<no name provided> origin=null
                value: GET_VAR '$example: idmy.davezy.baseproject.core.system.model.UiState<idmy.davezy.baseproject.core.system.model.ExampleModel> declared in idmy.davezy.baseproject.feature.one.screen.ExampleScreenKt.ExampleScreen$lambda$3.<no name provided>.<init>' type=idmy.davezy.baseproject.core.system.model.UiState<idmy.davezy.baseproject.core.system.model.ExampleModel> origin=null
              SET_FIELD 'FIELD FIELD_FOR_CAPTURED_VALUE name:$this_with type:idmy.davezy.baseproject.feature.one.viewmodel.ExampleViewModel visibility:public/*package*/ [final]' type=kotlin.Unit origin=INITIALIZER_OF_FIELD_FOR_CAPTURED_VALUE
                receiver: GET_VAR '<this>: idmy.davezy.baseproject.feature.one.screen.ExampleScreenKt.ExampleScreen$lambda$3.<no name provided> declared in idmy.davezy.baseproject.feature.one.screen.ExampleScreenKt.ExampleScreen$lambda$3.<no name provided>' type=idmy.davezy.baseproject.feature.one.screen.ExampleScreenKt.ExampleScreen$lambda$3.<no name provided> origin=null
                value: GET_VAR '$this_with: idmy.davezy.baseproject.feature.one.viewmodel.ExampleViewModel declared in idmy.davezy.baseproject.feature.one.screen.ExampleScreenKt.ExampleScreen$lambda$3.<no name provided>.<init>' type=idmy.davezy.baseproject.feature.one.viewmodel.ExampleViewModel origin=null
              DELEGATING_CONSTRUCTOR_CALL 'public constructor <init> (arity: kotlin.Int, $completion: kotlin.coroutines.Continuation<kotlin.Any?>?) declared in kotlin.coroutines.jvm.internal.SuspendLambda'
                arity: CONST Int type=kotlin.Int value=2
                $completion: GET_VAR '$completion: kotlin.coroutines.Continuation<idmy.davezy.baseproject.feature.one.screen.ExampleScreenKt.ExampleScreen$lambda$3.<no name provided>>? declared in idmy.davezy.baseproject.feature.one.screen.ExampleScreenKt.ExampleScreen$lambda$3.<no name provided>.<init>' type=kotlin.coroutines.Continuation<idmy.davezy.baseproject.feature.one.screen.ExampleScreenKt.ExampleScreen$lambda$3.<no name provided>>? origin=null
              BLOCK type=kotlin.Unit origin=null
          FUN name:invokeSuspend visibility:public modality:FINAL <> ($this:idmy.davezy.baseproject.feature.one.screen.ExampleScreenKt.ExampleScreen$lambda$3.<no name provided>, $result:kotlin.Result<kotlin.Any?>) returnType:kotlin.Any?
            overridden:
              protected abstract fun invokeSuspend ($result: kotlin.Result<kotlin.Any?>): kotlin.Any? declared in kotlin.coroutines.jvm.internal.SuspendLambda
            $this: VALUE_PARAMETER INSTANCE_RECEIVER name:<this> type:idmy.davezy.baseproject.feature.one.screen.ExampleScreenKt.ExampleScreen$lambda$3.<no name provided>
            VALUE_PARAMETER name:$result index:0 type:kotlin.Result<kotlin.Any?>
            BLOCK_BODY
              WHEN type=kotlin.Unit origin=IF
                BRANCH
                  if: CALL 'public final fun not (): kotlin.Boolean [operator] declared in kotlin.Boolean' type=kotlin.Boolean origin=EXCL
                    $this: TYPE_OP type=kotlin.Boolean origin=INSTANCEOF typeOperand=idmy.davezy.baseproject.core.system.model.UiState.Success<idmy.davezy.baseproject.core.system.model.ExampleModel>
                      GET_FIELD 'FIELD FIELD_FOR_CAPTURED_VALUE name:$example type:idmy.davezy.baseproject.core.system.model.UiState<idmy.davezy.baseproject.core.system.model.ExampleModel> visibility:public/*package*/ [final]' type=idmy.davezy.baseproject.core.system.model.UiState<idmy.davezy.baseproject.core.system.model.ExampleModel> origin=null
                        receiver: GET_VAR '<this>: idmy.davezy.baseproject.feature.one.screen.ExampleScreenKt.ExampleScreen$lambda$3.<no name provided> declared in idmy.davezy.baseproject.feature.one.screen.ExampleScreenKt.ExampleScreen$lambda$3.<no name provided>.invokeSuspend' type=idmy.davezy.baseproject.feature.one.screen.ExampleScreenKt.ExampleScreen$lambda$3.<no name provided> origin=null
                  then: CALL 'public final fun getExample (): kotlin.Unit declared in idmy.davezy.baseproject.feature.one.viewmodel.ExampleViewModel' type=kotlin.Unit origin=null
                    $this: GET_FIELD 'FIELD FIELD_FOR_CAPTURED_VALUE name:$this_with type:idmy.davezy.baseproject.feature.one.viewmodel.ExampleViewModel visibility:public/*package*/ [final]' type=idmy.davezy.baseproject.feature.one.viewmodel.ExampleViewModel origin=null
                      receiver: GET_VAR '<this>: idmy.davezy.baseproject.feature.one.screen.ExampleScreenKt.ExampleScreen$lambda$3.<no name provided> declared in idmy.davezy.baseproject.feature.one.screen.ExampleScreenKt.ExampleScreen$lambda$3.<no name provided>.invokeSuspend' type=idmy.davezy.baseproject.feature.one.screen.ExampleScreenKt.ExampleScreen$lambda$3.<no name provided> origin=null
          FUN name:create visibility:public modality:FINAL <> ($this:idmy.davezy.baseproject.feature.one.screen.ExampleScreenKt.ExampleScreen$lambda$3.<no name provided>, value:kotlin.Any?, $completion:kotlin.coroutines.Continuation<kotlin.Nothing>) returnType:kotlin.coroutines.Continuation<kotlin.Unit>
            overridden:
              public open fun create (value: kotlin.Any?, $completion: kotlin.coroutines.Continuation<kotlin.Nothing>): kotlin.coroutines.Continuation<kotlin.Unit> declared in kotlin.coroutines.jvm.internal.SuspendLambda
            $this: VALUE_PARAMETER INSTANCE_RECEIVER name:<this> type:idmy.davezy.baseproject.feature.one.screen.ExampleScreenKt.ExampleScreen$lambda$3.<no name provided>
            VALUE_PARAMETER name:value index:0 type:kotlin.Any?
            VALUE_PARAMETER name:$completion index:1 type:kotlin.coroutines.Continuation<kotlin.Nothing>
            BLOCK_BODY
              RETURN type=kotlin.Nothing from='public final fun create (value: kotlin.Any?, $completion: kotlin.coroutines.Continuation<kotlin.Nothing>): kotlin.coroutines.Continuation<kotlin.Unit> declared in idmy.davezy.baseproject.feature.one.screen.ExampleScreenKt.ExampleScreen$lambda$3.<no name provided>'
                CONSTRUCTOR_CALL 'public/*package*/ constructor <init> ($example: idmy.davezy.baseproject.core.system.model.UiState<idmy.davezy.baseproject.core.system.model.ExampleModel>, $this_with: idmy.davezy.baseproject.feature.one.viewmodel.ExampleViewModel, $completion: kotlin.coroutines.Continuation<idmy.davezy.baseproject.feature.one.screen.ExampleScreenKt.ExampleScreen$lambda$3.<no name provided>>?) [primary] declared in idmy.davezy.baseproject.feature.one.screen.ExampleScreenKt.ExampleScreen$lambda$3.<no name provided>' type=idmy.davezy.baseproject.feature.one.screen.ExampleScreenKt.ExampleScreen$lambda$3.<no name provided> origin=null
                  $example: GET_FIELD 'FIELD FIELD_FOR_CAPTURED_VALUE name:$example type:idmy.davezy.baseproject.core.system.model.UiState<idmy.davezy.baseproject.core.system.model.ExampleModel> visibility:public/*package*/ [final]' type=idmy.davezy.baseproject.core.system.model.UiState<idmy.davezy.baseproject.core.system.model.ExampleModel> origin=null
                    receiver: GET_VAR '<this>: idmy.davezy.baseproject.feature.one.screen.ExampleScreenKt.ExampleScreen$lambda$3.<no name provided> declared in idmy.davezy.baseproject.feature.one.screen.ExampleScreenKt.ExampleScreen$lambda$3.<no name provided>.create' type=idmy.davezy.baseproject.feature.one.screen.ExampleScreenKt.ExampleScreen$lambda$3.<no name provided> origin=null
                  $this_with: GET_FIELD 'FIELD FIELD_FOR_CAPTURED_VALUE name:$this_with type:idmy.davezy.baseproject.feature.one.viewmodel.ExampleViewModel visibility:public/*package*/ [final]' type=idmy.davezy.baseproject.feature.one.viewmodel.ExampleViewModel origin=null
                    receiver: GET_VAR '<this>: idmy.davezy.baseproject.feature.one.screen.ExampleScreenKt.ExampleScreen$lambda$3.<no name provided> declared in idmy.davezy.baseproject.feature.one.screen.ExampleScreenKt.ExampleScreen$lambda$3.<no name provided>.create' type=idmy.davezy.baseproject.feature.one.screen.ExampleScreenKt.ExampleScreen$lambda$3.<no name provided> origin=null
                  $completion: GET_VAR '$completion: kotlin.coroutines.Continuation<kotlin.Nothing> declared in idmy.davezy.baseproject.feature.one.screen.ExampleScreenKt.ExampleScreen$lambda$3.<no name provided>.create' type=kotlin.coroutines.Continuation<kotlin.Nothing> origin=null
          FUN name:invoke visibility:public modality:FINAL <> ($this:idmy.davezy.baseproject.feature.one.screen.ExampleScreenKt.ExampleScreen$lambda$3.<no name provided>, p1:kotlinx.coroutines.CoroutineScope, p2:kotlin.coroutines.Continuation<kotlin.Unit>?) returnType:kotlin.Any?
            overridden:
              public abstract fun invoke (p1: P1 of kotlin.jvm.functions.Function2, p2: P2 of kotlin.jvm.functions.Function2): R of kotlin.jvm.functions.Function2 declared in kotlin.jvm.functions.Function2
            $this: VALUE_PARAMETER INSTANCE_RECEIVER name:<this> type:idmy.davezy.baseproject.feature.one.screen.ExampleScreenKt.ExampleScreen$lambda$3.<no name provided>
            VALUE_PARAMETER name:p1 index:0 type:kotlinx.coroutines.CoroutineScope
            VALUE_PARAMETER name:p2 index:1 type:kotlin.coroutines.Continuation<kotlin.Unit>?
            BLOCK_BODY
              RETURN type=kotlin.Nothing from='public final fun invoke (p1: kotlinx.coroutines.CoroutineScope, p2: kotlin.coroutines.Continuation<kotlin.Unit>?): kotlin.Any? declared in idmy.davezy.baseproject.feature.one.screen.ExampleScreenKt.ExampleScreen$lambda$3.<no name provided>'
                CALL 'public final fun invokeSuspend ($result: kotlin.Result<kotlin.Any?>): kotlin.Any? declared in idmy.davezy.baseproject.feature.one.screen.ExampleScreenKt.ExampleScreen$lambda$3.<no name provided>' type=kotlin.Any? origin=null
                  $this: TYPE_OP type=idmy.davezy.baseproject.feature.one.screen.ExampleScreenKt.ExampleScreen$lambda$3.<no name provided> origin=IMPLICIT_CAST typeOperand=idmy.davezy.baseproject.feature.one.screen.ExampleScreenKt.ExampleScreen$lambda$3.<no name provided>
                    CALL 'public final fun create (value: kotlin.Any?, $completion: kotlin.coroutines.Continuation<kotlin.Nothing>): kotlin.coroutines.Continuation<kotlin.Unit> declared in idmy.davezy.baseproject.feature.one.screen.ExampleScreenKt.ExampleScreen$lambda$3.<no name provided>' type=kotlin.coroutines.Continuation<kotlin.Unit> origin=null
                      $this: GET_VAR '<this>: idmy.davezy.baseproject.feature.one.screen.ExampleScreenKt.ExampleScreen$lambda$3.<no name provided> declared in idmy.davezy.baseproject.feature.one.screen.ExampleScreenKt.ExampleScreen$lambda$3.<no name provided>.invoke' type=idmy.davezy.baseproject.feature.one.screen.ExampleScreenKt.ExampleScreen$lambda$3.<no name provided> origin=null
                      value: GET_VAR 'p1: kotlinx.coroutines.CoroutineScope declared in idmy.davezy.baseproject.feature.one.screen.ExampleScreenKt.ExampleScreen$lambda$3.<no name provided>.invoke' type=kotlinx.coroutines.CoroutineScope origin=null
                      $completion: GET_VAR 'p2: kotlin.coroutines.Continuation<kotlin.Unit>? declared in idmy.davezy.baseproject.feature.one.screen.ExampleScreenKt.ExampleScreen$lambda$3.<no name provided>.invoke' type=kotlin.coroutines.Continuation<kotlin.Unit>? origin=null
                  $result: CALL 'public final fun <unsafe-coerce> <T, R> (v: T of kotlin.jvm.internal.<unsafe-coerce>): R of kotlin.jvm.internal.<unsafe-coerce> declared in kotlin.jvm.internal' type=kotlin.Result<kotlin.Any?> origin=null
                    <T>: kotlin.Any?
                    <R>: kotlin.Result<kotlin.Any?>
                    v: GET_FIELD 'FIELD FIELD_FOR_OBJECT_INSTANCE name:INSTANCE type:kotlin.Unit visibility:public [final,static]' type=kotlin.Unit origin=null
          FIELD FIELD_FOR_CAPTURED_VALUE name:$example type:idmy.davezy.baseproject.core.system.model.UiState<idmy.davezy.baseproject.core.system.model.ExampleModel> visibility:public/*package*/ [final]
          FIELD FIELD_FOR_CAPTURED_VALUE name:$this_with type:idmy.davezy.baseproject.feature.one.viewmodel.ExampleViewModel visibility:public/*package*/ [final]
          FUN BRIDGE name:invoke visibility:public modality:OPEN <> ($this:idmy.davezy.baseproject.feature.one.screen.ExampleScreenKt.ExampleScreen$lambda$3.<no name provided>, p1:kotlin.Any?, p2:kotlin.Any?) returnType:kotlin.Any?
            $this: VALUE_PARAMETER INSTANCE_RECEIVER name:<this> type:idmy.davezy.baseproject.feature.one.screen.ExampleScreenKt.ExampleScreen$lambda$3.<no name provided>
            VALUE_PARAMETER BRIDGE name:p1 index:0 type:kotlin.Any?
            VALUE_PARAMETER BRIDGE name:p2 index:1 type:kotlin.Any?
            EXPRESSION_BODY
              RETURN type=kotlin.Nothing from='public open fun invoke (p1: kotlin.Any?, p2: kotlin.Any?): kotlin.Any? declared in idmy.davezy.baseproject.feature.one.screen.ExampleScreenKt.ExampleScreen$lambda$3.<no name provided>'
                CALL 'public final fun invoke (p1: kotlinx.coroutines.CoroutineScope, p2: kotlin.coroutines.Continuation<kotlin.Unit>?): kotlin.Any? declared in idmy.davezy.baseproject.feature.one.screen.ExampleScreenKt.ExampleScreen$lambda$3.<no name provided>' type=kotlin.Any? origin=BRIDGE_DELEGATION
                  $this: GET_VAR '<this>: idmy.davezy.baseproject.feature.one.screen.ExampleScreenKt.ExampleScreen$lambda$3.<no name provided> declared in idmy.davezy.baseproject.feature.one.screen.ExampleScreenKt.ExampleScreen$lambda$3.<no name provided>.invoke' type=idmy.davezy.baseproject.feature.one.screen.ExampleScreenKt.ExampleScreen$lambda$3.<no name provided> origin=null
                  p1: TYPE_OP type=kotlinx.coroutines.CoroutineScope origin=IMPLICIT_CAST typeOperand=kotlinx.coroutines.CoroutineScope
                    GET_VAR 'p1: kotlin.Any? declared in idmy.davezy.baseproject.feature.one.screen.ExampleScreenKt.ExampleScreen$lambda$3.<no name provided>.invoke' type=kotlin.Any? origin=null
                  p2: TYPE_OP type=kotlin.coroutines.Continuation<*> origin=IMPLICIT_CAST typeOperand=kotlin.coroutines.Continuation<*>
                    GET_VAR 'p2: kotlin.Any? declared in idmy.davezy.baseproject.feature.one.screen.ExampleScreenKt.ExampleScreen$lambda$3.<no name provided>.invoke' type=kotlin.Any? origin=null
        CONSTRUCTOR_CALL 'public/*package*/ constructor <init> ($example: idmy.davezy.baseproject.core.system.model.UiState<idmy.davezy.baseproject.core.system.model.ExampleModel>, $this_with: idmy.davezy.baseproject.feature.one.viewmodel.ExampleViewModel, $completion: kotlin.coroutines.Continuation<idmy.davezy.baseproject.feature.one.screen.ExampleScreenKt.ExampleScreen$lambda$3.<no name provided>>?) [primary] declared in idmy.davezy.baseproject.feature.one.screen.ExampleScreenKt.ExampleScreen$lambda$3.<no name provided>' type=idmy.davezy.baseproject.feature.one.screen.ExampleScreenKt.ExampleScreen$lambda$3.<no name provided> origin=null
          $example: GET_VAR 'val example: idmy.davezy.baseproject.core.system.model.UiState<idmy.davezy.baseproject.core.system.model.ExampleModel> [val] declared in idmy.davezy.baseproject.feature.one.screen.ExampleScreenKt.ExampleScreen$lambda$3' type=idmy.davezy.baseproject.core.system.model.UiState<idmy.davezy.baseproject.core.system.model.ExampleModel> origin=null
          $this_with: GET_VAR '$this$with: idmy.davezy.baseproject.feature.one.viewmodel.ExampleViewModel declared in idmy.davezy.baseproject.feature.one.screen.ExampleScreenKt.ExampleScreen$lambda$3' type=idmy.davezy.baseproject.feature.one.viewmodel.ExampleViewModel origin=null
          $completion: CONST Null type=kotlin.Nothing? value=null
    CALL 'public final fun Column$default (modifier: androidx.compose.ui.Modifier?, verticalArrangement: androidx.compose.foundation.layout.Arrangement.Vertical?, horizontalAlignment: androidx.compose.ui.Alignment.Horizontal?, content: @[Composable] @[ExtensionFunctionType] kotlin.Function1<androidx.compose.foundation.layout.ColumnScope, kotlin.Unit>, $mask0: kotlin.Int, $handler: kotlin.Any?): kotlin.Unit [inline] declared in androidx.compose.foundation.layout.ColumnKt' type=kotlin.Unit origin=DEFAULT_DISPATCH_CALL
      modifier: CALL 'public final fun fillMaxSize$default (fraction: kotlin.Float, $mask0: kotlin.Int, $handler: kotlin.Any?): androidx.compose.ui.Modifier declared in androidx.compose.foundation.layout.SizeKt' type=androidx.compose.ui.Modifier origin=DEFAULT_DISPATCH_CALL
        $receiver: GET_FIELD 'FIELD FIELD_FOR_OBJECT_INSTANCE name:Companion type:androidx.compose.ui.Modifier.Companion visibility:public [final,static]' type=androidx.compose.ui.Modifier.Companion origin=null
        fraction: COMPOSITE type=kotlin.Float origin=DEFAULT_VALUE
          CONST Float type=kotlin.Float value=0.0
        $mask0: CONST Int type=kotlin.Int value=1
        $handler: CONST Null type=kotlin.Any? value=null
      verticalArrangement: COMPOSITE type=androidx.compose.foundation.layout.Arrangement.Vertical? origin=DEFAULT_VALUE
        CONST Null type=androidx.compose.foundation.layout.Arrangement.Vertical? value=null
      horizontalAlignment: COMPOSITE type=androidx.compose.ui.Alignment.Horizontal? origin=DEFAULT_VALUE
        CONST Null type=androidx.compose.ui.Alignment.Horizontal? value=null
      content: BLOCK type=@[ExtensionFunctionType] kotlin.Function1<androidx.compose.foundation.layout.ColumnScope, kotlin.Unit> origin=LAMBDA
        COMPOSITE type=kotlin.Unit origin=null
        FUNCTION_REFERENCE 'private final fun ExampleScreen$lambda$3$lambda$2 ($this_with: idmy.davezy.baseproject.feature.one.viewmodel.ExampleViewModel, $counter: kotlin.Int): kotlin.Unit declared in idmy.davezy.baseproject.feature.one.screen.ExampleScreenKt' type=@[ExtensionFunctionType] kotlin.Function1<androidx.compose.foundation.layout.ColumnScope, kotlin.Unit> origin=INLINE_LAMBDA reflectionTarget=null
          $this_with: GET_VAR '$this$with: idmy.davezy.baseproject.feature.one.viewmodel.ExampleViewModel declared in idmy.davezy.baseproject.feature.one.screen.ExampleScreenKt.ExampleScreen$lambda$3' type=idmy.davezy.baseproject.feature.one.viewmodel.ExampleViewModel origin=null
          $counter: GET_VAR 'val counter: kotlin.Int [val] declared in idmy.davezy.baseproject.feature.one.screen.ExampleScreenKt.ExampleScreen$lambda$3' type=kotlin.Int origin=null
      $mask0: CONST Int type=kotlin.Int value=6
      $handler: CONST Null type=kotlin.Any? value=null

	at org.jetbrains.kotlin.backend.jvm.codegen.FunctionCodegen.generate(FunctionCodegen.kt:50)
	at org.jetbrains.kotlin.backend.jvm.codegen.IrSourceCompilerForInline.generateLambdaBody(IrSourceCompilerForInline.kt:67)
	at org.jetbrains.kotlin.codegen.inline.ExpressionLambda.generateLambdaBody(LambdaInfo.kt:72)
	at org.jetbrains.kotlin.backend.jvm.codegen.IrInlineCodegen.genValueAndPut(IrInlineCodegen.kt:99)
	at org.jetbrains.kotlin.backend.jvm.codegen.ExpressionCodegen.visitCall$handleParameter(ExpressionCodegen.kt:610)
	at org.jetbrains.kotlin.backend.jvm.codegen.ExpressionCodegen.visitCall(ExpressionCodegen.kt:638)
	at org.jetbrains.kotlin.backend.jvm.codegen.ExpressionCodegen.visitCall(ExpressionCodegen.kt:137)
	at org.jetbrains.kotlin.ir.expressions.IrCall.accept(IrCall.kt:24)
	at org.jetbrains.kotlin.backend.jvm.codegen.ExpressionCodegen.visitReturn(ExpressionCodegen.kt:1045)
	at org.jetbrains.kotlin.backend.jvm.codegen.ExpressionCodegen.visitReturn(ExpressionCodegen.kt:137)
	at org.jetbrains.kotlin.ir.expressions.IrReturn.accept(IrReturn.kt:24)
	at org.jetbrains.kotlin.backend.jvm.codegen.ExpressionCodegen.visitStatementContainer(ExpressionCodegen.kt:573)
	at org.jetbrains.kotlin.backend.jvm.codegen.ExpressionCodegen.visitBlockBody(ExpressionCodegen.kt:578)
	at org.jetbrains.kotlin.backend.jvm.codegen.ExpressionCodegen.visitBlockBody(ExpressionCodegen.kt:137)
	at org.jetbrains.kotlin.ir.expressions.IrBlockBody.accept(IrBlockBody.kt:20)
	at org.jetbrains.kotlin.backend.jvm.codegen.ExpressionCodegen.generate(ExpressionCodegen.kt:239)
	at org.jetbrains.kotlin.backend.jvm.codegen.FunctionCodegen.doGenerate(FunctionCodegen.kt:121)
	at org.jetbrains.kotlin.backend.jvm.codegen.FunctionCodegen.generate(FunctionCodegen.kt:46)
	... 54 more
Caused by: org.jetbrains.kotlin.codegen.CompilationException: Back-end (JVM) Internal error: Couldn't inline method call: CALL 'public final fun Column$default (modifier: androidx.compose.ui.Modifier?, verticalArrangement: androidx.compose.foundation.layout.Arrangement.Vertical?, horizontalAlignment: androidx.compose.ui.Alignment.Horizontal?, content: @[Composable] @[ExtensionFunctionType] kotlin.Function1<androidx.compose.foundation.layout.ColumnScope, kotlin.Unit>, $mask0: kotlin.Int, $handler: kotlin.Any?): kotlin.Unit [inline] declared in androidx.compose.foundation.layout.ColumnKt' type=kotlin.Unit origin=DEFAULT_DISPATCH_CALL
Method: null
File is unknown
The root cause java.lang.IllegalStateException was thrown at: org.jetbrains.kotlin.codegen.inline.SourceCompilerForInlineKt.getMethodNode(SourceCompilerForInline.kt:118)
	at org.jetbrains.kotlin.codegen.inline.InlineCodegen.performInline(InlineCodegen.kt:65)
	at org.jetbrains.kotlin.backend.jvm.codegen.IrInlineCodegen.genInlineCall(IrInlineCodegen.kt:162)
	at org.jetbrains.kotlin.backend.jvm.codegen.IrInlineCallGenerator.genCall(IrInlineCallGenerator.kt:36)
	at org.jetbrains.kotlin.backend.jvm.codegen.ExpressionCodegen.visitCall(ExpressionCodegen.kt:647)
	at org.jetbrains.kotlin.backend.jvm.codegen.ExpressionCodegen.visitCall(ExpressionCodegen.kt:137)
	at org.jetbrains.kotlin.ir.expressions.IrCall.accept(IrCall.kt:24)
	at org.jetbrains.kotlin.backend.jvm.codegen.ExpressionCodegen.visitStatementContainer(ExpressionCodegen.kt:573)
	at org.jetbrains.kotlin.backend.jvm.codegen.ExpressionCodegen.visitBlockBody(ExpressionCodegen.kt:578)
	at org.jetbrains.kotlin.backend.jvm.codegen.ExpressionCodegen.visitBlockBody(ExpressionCodegen.kt:137)
	at org.jetbrains.kotlin.ir.expressions.IrBlockBody.accept(IrBlockBody.kt:20)
	at org.jetbrains.kotlin.backend.jvm.codegen.ExpressionCodegen.generate(ExpressionCodegen.kt:239)
	at org.jetbrains.kotlin.backend.jvm.codegen.FunctionCodegen.doGenerate(FunctionCodegen.kt:121)
	at org.jetbrains.kotlin.backend.jvm.codegen.FunctionCodegen.generate(FunctionCodegen.kt:46)
	... 71 more
Caused by: java.lang.IllegalStateException: couldn't find inline method Landroidx/compose/foundation/layout/ColumnKt;.Column$default(Landroidx/compose/ui/Modifier;Landroidx/compose/foundation/layout/Arrangement$Vertical;Landroidx/compose/ui/Alignment$Horizontal;Lkotlin/jvm/functions/Function1;ILjava/lang/Object;)V
	at org.jetbrains.kotlin.codegen.inline.SourceCompilerForInlineKt.getMethodNode(SourceCompilerForInline.kt:118)
	at org.jetbrains.kotlin.codegen.inline.SourceCompilerForInlineKt.loadCompiledInlineFunction(SourceCompilerForInline.kt:96)
	at org.jetbrains.kotlin.backend.jvm.codegen.IrSourceCompilerForInline.compileInlineFunction(IrSourceCompilerForInline.kt:91)
	at org.jetbrains.kotlin.codegen.inline.InlineCodegen.compileInline(InlineCodegen.kt:43)
	at org.jetbrains.kotlin.codegen.inline.InlineCodegen.performInline(InlineCodegen.kt:51)
	... 83 more


